#
# There is insufficient memory for the Java Runtime Environment to continue.
# Native memory allocation (mmap) failed to map 48234496 bytes for G1 virtual space
# Possible reasons:
#   The system is out of physical RAM or swap space
#   The process is running with CompressedOops enabled, and the Java Heap may be blocking the growth of the native heap
# Possible solutions:
#   Reduce memory load on the system
#   Increase physical memory or swap space
#   Check if swap backing store is full
#   Decrease Java heap size (-Xmx/-Xms)
#   Decrease number of Java threads
#   Decrease Java thread stack sizes (-Xss)
#   Set larger code cache with -XX:ReservedCodeCacheSize=
#   JVM is running with Unscaled Compressed Oops mode in which the Java heap is
#     placed in the first 4GB address space. The Java Heap base address is the
#     maximum limit for the native heap growth. Please use -XX:HeapBaseMinAddress
#     to set the Java Heap base and to place the Java Heap above 4GB virtual address.
# This output file may be truncated or incomplete.
#
#  Out of Memory Error (os_windows.cpp:3535), pid=12552, tid=10080
#
# JRE version:  (17.0.3+7) (build )
# Java VM: OpenJDK 64-Bit Server VM (17.0.3+7, mixed mode, sharing, tiered, compressed oops, compressed class ptrs, g1 gc, windows-amd64)
# No core dump will be written. Minidumps are not enabled by default on client versions of Windows
#

---------------  S U M M A R Y ------------

Command Line: -Dfile.encoding=UTF-8 -XX:+ShowCodeDetailsInExceptionMessages com.app.gui.components.JToggleButtonDemo

Host: Intel(R) Core(TM)2 Duo CPU     T6570  @ 2.10GHz, 2 cores, 2G,  Windows 10 , 64 bit Build 18362 (10.0.18362.1110)
Time: Thu Apr 13 09:06:04 2023 W. Central Africa Standard Time elapsed time: 0.445848 seconds (0d 0h 0m 0s)

---------------  T H R E A D  ---------------

Current thread (0x000002a940242dd0):  JavaThread "Unknown thread" [_thread_in_vm, id=10080, stack(0x000000d529500000,0x000000d529600000)]

Stack: [0x000000d529500000,0x000000d529600000]
Native frames: (J=compiled Java code, j=interpreted, Vv=VM code, C=native code)
V  [jvm.dll+0x675efa]
V  [jvm.dll+0x830a24]
V  [jvm.dll+0x8321ce]
V  [jvm.dll+0x832833]
V  [jvm.dll+0x2454b5]
V  [jvm.dll+0x672de9]
V  [jvm.dll+0x667732]
V  [jvm.dll+0x3043ab]
V  [jvm.dll+0x30b8f6]
V  [jvm.dll+0x35b62e]
V  [jvm.dll+0x35b85f]
V  [jvm.dll+0x2db248]
V  [jvm.dll+0x2dc1b4]
V  [jvm.dll+0x802651]
V  [jvm.dll+0x3693b1]
V  [jvm.dll+0x7e1aac]
V  [jvm.dll+0x3ebd8f]
V  [jvm.dll+0x3ed911]
C  [jli.dll+0x5277]
C  [ucrtbase.dll+0x210b2]
C  [KERNEL32.DLL+0x17c24]
C  [ntdll.dll+0x6d4d1]


---------------  P R O C E S S  ---------------

Threads class SMR info:
_java_thread_list=0x00007ff9de406e98, length=0, elements={
}

Java Threads: ( => current thread )

Other Threads:
  0x000002a940278a20 GCTaskThread "GC Thread#0" [stack: 0x000000d529600000,0x000000d529700000] [id=8784]
  0x000002a94027f560 ConcurrentGCThread "G1 Main Marker" [stack: 0x000000d529700000,0x000000d529800000] [id=9056]
  0x000002a940280cc0 ConcurrentGCThread "G1 Conc#0" [stack: 0x000000d529800000,0x000000d529900000] [id=12388]

[error occurred during error reporting (printing all threads), id 0xc0000005, EXCEPTION_ACCESS_VIOLATION (0xc0000005) at pc=0x00007ff9ddbdbcd7]

VM state: not at safepoint (not fully initialized)

VM Mutex/Monitor currently owned by a thread:  ([mutex/lock_event])
[0x000002a94023efb0] Heap_lock - owner thread: 0x000002a940242dd0

Heap address: 0x00000000d2000000, size: 736 MB, Compressed Oops mode: 32-bit

CDS archive(s) mapped at: [0x0000000000000000-0x0000000000000000-0x0000000000000000), size 0, SharedBaseAddress: 0x0000000800000000, ArchiveRelocationMode: 0.
Narrow klass base: 0x0000000000000000, Narrow klass shift: 0, Narrow klass range: 0x0

GC Precious Log:
<Empty>

Heap:
 garbage-first heap   total 0K, used 0K [0x00000000d2000000, 0x0000000100000000)
  region size 1024K, 0 young (0K), 0 survivors (0K)

[error occurred during error reporting (printing heap information), id 0xc0000005, EXCEPTION_ACCESS_VIOLATION (0xc0000005) at pc=0x00007ff9ddfbf249]

GC Heap History (0 events):
No events

Deoptimization events (0 events):
No events

Classes unloaded (0 events):
No events

Classes redefined (0 events):
No events

Internal exceptions (0 events):
No events

VM Operations (0 events):
No events

Events (1 events):
Event: 0.205 Loaded shared library C:\Program Files\eclipse\plugins\org.eclipse.justj.openjdk.hotspot.jre.full.win32.x86_64_17.0.3.v20220515-1416\jre\bin\java.dll


Dynamic libraries:
0x00007ff7efa60000 - 0x00007ff7efa6e000 	C:\Program Files\eclipse\plugins\org.eclipse.justj.openjdk.hotspot.jre.full.win32.x86_64_17.0.3.v20220515-1416\jre\bin\javaw.exe
0x00007ffa2d740000 - 0x00007ffa2d930000 	C:\Windows\SYSTEM32\ntdll.dll
0x00007ffa2bb00000 - 0x00007ffa2bbb2000 	C:\Windows\System32\KERNEL32.DLL
0x00007ffa2a6b0000 - 0x00007ffa2a955000 	C:\Windows\System32\KERNELBASE.dll
0x00007ffa2a960000 - 0x00007ffa2aa5a000 	C:\Windows\System32\ucrtbase.dll
0x00007ff9eaf60000 - 0x00007ff9eaf78000 	C:\Program Files\eclipse\plugins\org.eclipse.justj.openjdk.hotspot.jre.full.win32.x86_64_17.0.3.v20220515-1416\jre\bin\jli.dll
0x00007ffa2b860000 - 0x00007ffa2b9f4000 	C:\Windows\System32\USER32.dll
0x00007ffa2b5e0000 - 0x00007ffa2b601000 	C:\Windows\System32\win32u.dll
0x00007ffa2d500000 - 0x00007ffa2d526000 	C:\Windows\System32\GDI32.dll
0x00007ffa2abf0000 - 0x00007ffa2ad86000 	C:\Windows\System32\gdi32full.dll
0x00007ffa2b540000 - 0x00007ffa2b5de000 	C:\Windows\System32\msvcp_win.dll
0x00007ff9ecc40000 - 0x00007ff9ecc59000 	C:\Program Files\eclipse\plugins\org.eclipse.justj.openjdk.hotspot.jre.full.win32.x86_64_17.0.3.v20220515-1416\jre\bin\VCRUNTIME140.dll
0x00007ffa1c1d0000 - 0x00007ffa1c454000 	C:\Windows\WinSxS\amd64_microsoft.windows.common-controls_6595b64144ccf1df_6.0.18362.1256_none_9e7e379be45e40e2\COMCTL32.dll
0x00007ffa2cb80000 - 0x00007ffa2cc1e000 	C:\Windows\System32\msvcrt.dll
0x00007ffa2c650000 - 0x00007ffa2c986000 	C:\Windows\System32\combase.dll
0x00007ffa2c250000 - 0x00007ffa2c370000 	C:\Windows\System32\RPCRT4.dll
0x00007ffa2b610000 - 0x00007ffa2b691000 	C:\Windows\System32\bcryptPrimitives.dll
0x00007ffa2d310000 - 0x00007ffa2d33e000 	C:\Windows\System32\IMM32.DLL
0x0000000071c60000 - 0x0000000071c6c000 	C:\Program Files (x86)\360\Total Security\safemon\SafeWrapper.dll
0x00007ffa2c990000 - 0x00007ffa2ca33000 	C:\Windows\System32\ADVAPI32.dll
0x00007ffa2ba60000 - 0x00007ffa2baf7000 	C:\Windows\System32\sechost.dll
0x00007ff9dd640000 - 0x00007ff9dd6d2000 	C:\Program Files (x86)\360\Total Security\safemon\libzdtp64.dll
0x00007ffa2cc20000 - 0x00007ffa2d307000 	C:\Windows\System32\SHELL32.dll
0x00007ffa2aac0000 - 0x00007ffa2ab0a000 	C:\Windows\System32\cfgmgr32.dll
0x00007ffa2c4b0000 - 0x00007ffa2c559000 	C:\Windows\System32\shcore.dll
0x00007ffa2adb0000 - 0x00007ffa2b531000 	C:\Windows\System32\windows.storage.dll
0x00007ffa2a660000 - 0x00007ffa2a683000 	C:\Windows\System32\profapi.dll
0x00007ffa2a5f0000 - 0x00007ffa2a63a000 	C:\Windows\System32\powrprof.dll
0x00007ffa2a5e0000 - 0x00007ffa2a5f0000 	C:\Windows\System32\UMPDC.dll
0x00007ffa2ba00000 - 0x00007ffa2ba52000 	C:\Windows\System32\shlwapi.dll
0x00007ffa2a690000 - 0x00007ffa2a6a1000 	C:\Windows\System32\kernel.appcore.dll
0x00007ffa2ad90000 - 0x00007ffa2ada7000 	C:\Windows\System32\cryptsp.dll
0x00007ffa2a370000 - 0x00007ffa2a37a000 	C:\Windows\SYSTEM32\VERSION.dll
0x00007ffa1a4b0000 - 0x00007ffa1a4bc000 	C:\Program Files\eclipse\plugins\org.eclipse.justj.openjdk.hotspot.jre.full.win32.x86_64_17.0.3.v20220515-1416\jre\bin\vcruntime140_1.dll
0x00007ff9dd5a0000 - 0x00007ff9dd631000 	C:\Program Files\eclipse\plugins\org.eclipse.justj.openjdk.hotspot.jre.full.win32.x86_64_17.0.3.v20220515-1416\jre\bin\msvcp140.dll
0x00007ff9dd8f0000 - 0x00007ff9de538000 	C:\Program Files\eclipse\plugins\org.eclipse.justj.openjdk.hotspot.jre.full.win32.x86_64_17.0.3.v20220515-1416\jre\bin\server\jvm.dll
0x00007ffa2c430000 - 0x00007ffa2c438000 	C:\Windows\System32\PSAPI.DLL
0x00007ffa184c0000 - 0x00007ffa184c9000 	C:\Windows\SYSTEM32\WSOCK32.dll
0x00007ffa2c440000 - 0x00007ffa2c4af000 	C:\Windows\System32\WS2_32.dll
0x00007ffa286b0000 - 0x00007ffa286d4000 	C:\Windows\SYSTEM32\WINMM.dll
0x00007ffa28680000 - 0x00007ffa286ad000 	C:\Windows\SYSTEM32\WINMMBASE.dll
0x00007ff9ecc80000 - 0x00007ff9ecc8a000 	C:\Program Files\eclipse\plugins\org.eclipse.justj.openjdk.hotspot.jre.full.win32.x86_64_17.0.3.v20220515-1416\jre\bin\jimage.dll
0x00007ffa18c70000 - 0x00007ffa18e64000 	C:\Windows\SYSTEM32\DBGHELP.DLL
0x00007ffa18c40000 - 0x00007ffa18c6a000 	C:\Windows\SYSTEM32\dbgcore.DLL
0x00007ff9eaf20000 - 0x00007ff9eaf45000 	C:\Program Files\eclipse\plugins\org.eclipse.justj.openjdk.hotspot.jre.full.win32.x86_64_17.0.3.v20220515-1416\jre\bin\java.dll

dbghelp: loaded successfully - version: 4.0.5 - missing functions: none
symbol engine: initialized successfully - sym options: 0x614 - pdb path: .;C:\Program Files\eclipse\plugins\org.eclipse.justj.openjdk.hotspot.jre.full.win32.x86_64_17.0.3.v20220515-1416\jre\bin;C:\Windows\SYSTEM32;C:\Windows\WinSxS\amd64_microsoft.windows.common-controls_6595b64144ccf1df_6.0.18362.1256_none_9e7e379be45e40e2;C:\Program Files (x86)\360\Total Security\safemon;C:\Program Files\eclipse\plugins\org.eclipse.justj.openjdk.hotspot.jre.full.win32.x86_64_17.0.3.v20220515-1416\jre\bin\server

VM Arguments:
jvm_args: -Dfile.encoding=UTF-8 -XX:+ShowCodeDetailsInExceptionMessages 
java_command: com.app.gui.components.JToggleButtonDemo
java_class_path (initial): C:\Users\Ezekiel\Documents\eclipse-workspace\java-swing-app\bin
Launcher Type: SUN_STANDARD

[Global flags]
     intx CICompilerCount                          = 2                                         {product} {ergonomic}
     uint ConcGCThreads                            = 1                                         {product} {ergonomic}
     uint G1ConcRefinementThreads                  = 2                                         {product} {ergonomic}
   size_t G1HeapRegionSize                         = 1048576                                   {product} {ergonomic}
    uintx GCDrainStackTargetSize                   = 64                                        {product} {ergonomic}
   size_t InitialHeapSize                          = 48234496                                  {product} {ergonomic}
   size_t MarkStackSize                            = 4194304                                   {product} {ergonomic}
   size_t MaxHeapSize                              = 771751936                                 {product} {ergonomic}
   size_t MinHeapDeltaBytes                        = 1048576                                   {product} {ergonomic}
   size_t MinHeapSize                              = 8388608                                   {product} {ergonomic}
    uintx NonNMethodCodeHeapSize                   = 5826188                                {pd product} {ergonomic}
    uintx NonProfiledCodeHeapSize                  = 122916026                              {pd product} {ergonomic}
    uintx ProfiledCodeHeapSize                     = 122916026                              {pd product} {ergonomic}
    uintx ReservedCodeCacheSize                    = 251658240                              {pd product} {ergonomic}
     bool SegmentedCodeCache                       = true                                      {product} {ergonomic}
     bool ShowCodeDetailsInExceptionMessages       = true                                   {manageable} {command line}
   size_t SoftMaxHeapSize                          = 771751936                              {manageable} {ergonomic}
     bool UseCompressedClassPointers               = true                           {product lp64_product} {ergonomic}
     bool UseCompressedOops                        = true                           {product lp64_product} {ergonomic}
     bool UseG1GC                                  = true                                      {product} {ergonomic}
     bool UseLargePagesIndividualAllocation        = false                                  {pd product} {ergonomic}

Logging:
Log output configuration:
 #0: stdout all=warning uptime,level,tags
 #1: stderr all=off uptime,level,tags

Environment Variables:
JAVA_HOME=C:\Users\Ezekiel\OpenJDK15\jdk-15
PATH=C:/Program Files/eclipse//plugins/org.eclipse.justj.openjdk.hotspot.jre.full.win32.x86_64_17.0.3.v20220515-1416/jre/bin/server;C:/Program Files/eclipse//plugins/org.eclipse.justj.openjdk.hotspot.jre.full.win32.x86_64_17.0.3.v20220515-1416/jre/bin;C:\Program Files\ImageMagick-7.1.0-Q16-HDRI;;C:\Users\Ezekiel\OpenJDK15\jdk-15\bin;C:\Program Files (x86)\Common Files\Oracle\Java\javapath;C:\Windows\system32;C:\Windows;C:\Windows\System32\Wbem;C:\Windows\System32\WindowsPowerShell\v1.0\;C:\Windows\System32\OpenSSH\;C:\Program Files\nodejs\;C:\ProgramData\chocolatey\bin;C:\Program Files\Git\cmd;C:\Program Files\apache-maven-3.8.6\bin;C:\Program Files\PostgreSQL\14\bin;C:\Users\Ezekiel\AppData\Local\Programs\Python\Python310\Scripts\;C:\Users\Ezekiel\AppData\Local\Programs\Python\Python310\;C:\Users\Ezekiel\AppData\Local\Microsoft\WindowsApps;C:\Users\Ezekiel\AppData\Roaming\npm;C:\Users\Ezekiel\AppData\Local\Programs\Microsoft VS Code\bin;C:\ProgramData\chocolatey\lib\mingw\tools\install\mingw64\bin;c:\users\ezekiel\.local\bin;c:\users\ezekiel\appdata\roaming\python\python310\scripts;C:\Program Files\apache-maven-3.8.6\bin;C:\Program Files\spring-2.7.3\bin;;C:\Program Files\eclipse;
USERNAME=Ezekiel
OS=Windows_NT
PROCESSOR_IDENTIFIER=Intel64 Family 6 Model 23 Stepping 10, GenuineIntel



---------------  S Y S T E M  ---------------

OS:
 Windows 10 , 64 bit Build 18362 (10.0.18362.1110)
OS uptime: 0 days 5:37 hours

CPU: total 2 (initial active 2) (2 cores per cpu, 1 threads per core) family 6 model 23 stepping 10 microcode 0xa0c, cx8, cmov, fxsr, mmx, sse, sse2, sse3, ssse3, sse4.1, tsc, clflush

Memory: 4k page, system-wide physical 2936M (318M free)
TotalPageFile size 6234M (AvailPageFile size 32M)
current process WorkingSet (physical memory assigned to process): 11M, peak: 11M
current process commit charge ("private bytes"): 48M, peak: 93M

vm_info: OpenJDK 64-Bit Server VM (17.0.3+7) for windows-amd64 JRE (17.0.3+7), built on Apr 19 2022 16:55:35 by "" with MS VC++ 16.7 (VS2019)

END.
